C51 COMPILER V9.52.0.0   NIXIETUBE                                                         01/27/2015 22:11:05 PAGE 1   


C51 COMPILER V9.52.0.0, COMPILATION OF MODULE NIXIETUBE
OBJECT MODULE PLACED IN nixietube.OBJ
COMPILER INVOKED BY: C:\Keil\C51\BIN\C51.EXE nixietube.c BROWSE DEBUG OBJECTEXTEND TABS(2)

line level    source

   1          #include <reg52.h>
   2          sbit duxuan=P2^1;
   3          sbit weixuan=P2^2;
   4          
   5          void main()
   6          {
   7   1        while(1)
   8   1        {
   9   2          weixuan=1;
  10   2          P0=0xfe;
  11   2          weixuan=0;
  12   2          
  13   2          duxuan=1;
  14   2          P0=0x06;
  15   2          duxuan=0;
  16   2        }
  17   1      }


MODULE INFORMATION:   STATIC OVERLAYABLE
   CODE SIZE        =     16    ----
   CONSTANT SIZE    =   ----    ----
   XDATA SIZE       =   ----    ----
   PDATA SIZE       =   ----    ----
   DATA SIZE        =   ----    ----
   IDATA SIZE       =   ----    ----
   BIT SIZE         =   ----    ----
END OF MODULE INFORMATION.


C51 COMPILATION COMPLETE.  0 WARNING(S),  0 ERROR(S)
